SF:lib/flutter_logger.dart
DA:15,1
DA:16,1
DA:18,2
DA:24,1
DA:26,4
DA:39,3
DA:42,1
DA:43,1
DA:44,2
DA:48,1
DA:49,1
DA:50,2
DA:54,0
DA:60,0
DA:65,1
DA:66,1
DA:68,1
DA:72,0
DA:78,0
DA:79,0
DA:81,0
DA:88,0
DA:94,0
DA:95,0
DA:96,0
DA:98,0
DA:100,0
DA:115,1
DA:121,1
DA:128,2
DA:134,1
DA:135,2
DA:136,0
DA:139,2
DA:143,2
DA:146,1
DA:147,2
DA:148,2
DA:150,1
DA:151,1
DA:152,1
DA:153,3
DA:155,0
DA:156,0
DA:157,0
LF:45
LH:29
end_of_record
SF:lib/src/levels.dart
DA:5,0
DA:14,0
DA:15,0
DA:17,1
DA:18,3
DA:20,0
DA:23,0
DA:24,0
DA:25,0
DA:26,0
DA:29,0
DA:32,0
DA:35,0
DA:38,0
DA:40,0
DA:42,0
DA:43,0
DA:46,0
DA:49,0
DA:52,0
DA:55,0
DA:58,0
LF:22
LH:2
end_of_record
SF:lib/src/log_handler.dart
DA:10,2
LF:1
LH:1
end_of_record
SF:lib/src/log_record.dart
DA:9,1
DA:14,1
DA:15,0
DA:16,0
DA:33,0
DA:36,0
DA:37,0
DA:38,0
DA:39,0
DA:40,0
DA:41,0
DA:42,0
DA:44,0
DA:46,0
DA:47,0
DA:48,0
DA:49,0
DA:50,0
DA:52,1
DA:54,3
DA:55,2
LF:21
LH:5
end_of_record
SF:lib/src/formatters/default_log_formatter.dart
DA:12,0
DA:15,0
DA:17,0
DA:18,0
DA:19,0
DA:20,0
DA:22,0
DA:23,0
DA:25,0
DA:26,0
DA:29,0
LF:11
LH:0
end_of_record
SF:lib/src/log_formatter.dart
DA:7,0
LF:1
LH:0
end_of_record
SF:lib/src/handlers/files_handler.dart
DA:34,1
DA:42,1
DA:46,1
DA:50,0
DA:74,0
DA:82,0
DA:83,0
DA:86,0
DA:87,0
DA:89,0
DA:91,0
DA:92,0
DA:93,0
DA:94,0
DA:97,0
DA:98,0
DA:103,0
DA:104,0
DA:105,0
DA:106,0
DA:112,0
DA:113,0
DA:115,0
DA:120,0
DA:121,0
DA:123,0
DA:124,0
DA:126,0
DA:127,0
DA:141,0
DA:145,0
DA:149,0
DA:151,0
DA:153,0
DA:156,0
DA:157,0
DA:159,0
DA:161,0
DA:168,1
DA:169,2
DA:170,1
DA:171,2
DA:173,1
DA:174,2
DA:180,1
DA:189,1
DA:191,1
DA:193,1
DA:194,1
DA:197,1
DA:200,3
DA:202,2
DA:209,1
DA:210,1
DA:213,2
DA:215,1
DA:217,1
DA:218,2
DA:221,1
LF:59
LH:24
end_of_record
